* `all_reduce_perf` 2 gpu 的 log

    这个看起来稍微少一点

    ```
    root@3767c65d25c4:/home/hantian# NCCL_DEBUG=INFO all_reduce_perf -b 128M -e 512M -f 2 -g 2
    # nThread 1 nGpus 2 minBytes 134217728 maxBytes 536870912 step: 2(factor) warmup iters: 5 iters: 20 agg iters: 1 validation: 1 graph: 0
    #
    # Using devices
    #  Rank  0 Group  0 Pid    880 on 3767c65d25c4 device  0 [0xa4] NVIDIA A100-SXM4-80GB
    #  Rank  1 Group  0 Pid    880 on 3767c65d25c4 device  1 [0xa9] NVIDIA A100-SXM4-80GB
    3767c65d25c4:880:880 [0] NCCL INFO Bootstrap : Using eth0:172.17.0.2<0>
    3767c65d25c4:880:880 [1] NCCL INFO cudaDriverVersion 12040
    NCCL version 2.20.5+cuda12.4
    3767c65d25c4:880:887 [0] NCCL INFO Plugin Path : /opt/hpcx/nccl_rdma_sharp_plugin/lib/libnccl-net.so
    3767c65d25c4:880:887 [0] NCCL INFO P2P plugin IBext_v8
    3767c65d25c4:880:887 [0] NCCL INFO NET/IB : No device found.
    3767c65d25c4:880:887 [0] NCCL INFO NET/IB : No device found.
    3767c65d25c4:880:887 [0] NCCL INFO NET/Socket : Using [0]eth0:172.17.0.2<0>
    3767c65d25c4:880:887 [0] NCCL INFO Using non-device net plugin version 0
    3767c65d25c4:880:887 [0] NCCL INFO Using network Socket
    3767c65d25c4:880:888 [1] NCCL INFO Using non-device net plugin version 0
    3767c65d25c4:880:888 [1] NCCL INFO Using network Socket
    3767c65d25c4:880:887 [0] NCCL INFO comm 0x55ba65abd9d0 rank 0 nranks 2 cudaDev 0 nvmlDev 0 busId a4000 commId 0xab55a18c6f2a4343 - Init START
    3767c65d25c4:880:888 [1] NCCL INFO comm 0x55ba65ac2bd0 rank 1 nranks 2 cudaDev 1 nvmlDev 1 busId a9000 commId 0xab55a18c6f2a4343 - Init START
    3767c65d25c4:880:888 [1] NCCL INFO Setting affinity for GPU 1 to 7fffffff,ffffffff,00000000,00000000,ffffffff,ffffffff,00000000,00000000
    3767c65d25c4:880:887 [0] NCCL INFO Setting affinity for GPU 0 to 7fffffff,ffffffff,00000000,00000000,ffffffff,ffffffff,00000000,00000000
    3767c65d25c4:880:888 [1] NCCL INFO comm 0x55ba65ac2bd0 rank 1 nRanks 2 nNodes 1 localRanks 2 localRank 1 MNNVL 0
    3767c65d25c4:880:887 [0] NCCL INFO comm 0x55ba65abd9d0 rank 0 nRanks 2 nNodes 1 localRanks 2 localRank 0 MNNVL 0
    3767c65d25c4:880:888 [1] NCCL INFO Trees [0] -1/-1/-1->1->0 [1] -1/-1/-1->1->0 [2] -1/-1/-1->1->0 [3] -1/-1/-1->1->0 [4] -1/-1/-1->1->0 [5] -1/-1/-1->1->0 [6] 0/-1/-1->1->-1 [7] 0/-1/-1->1->-1 [8] 0/-1/-1->1->-1 [9] 0/-1/-1->1->-1 [10] 0/-1/-1->1->-1 [11] 0/-1/-1->1->-1 [12] -1/-1/-1->1->0 [13] -1/-1/-1->1->0 [14] -1/-1/-1->1->0 [15] -1/-1/-1->1->0 [16] -1/-1/-1->1->0 [17] -1/-1/-1->1->0 [18] 0/-1/-1->1->-1 [19] 0/-1/-1->1->-1 [20] 0/-1/-1->1->-1 [21] 0/-1/-1->1->-1 [22] 0/-1/-1->1->-1 [23] 0/-1/-1->1->-1
    3767c65d25c4:880:888 [1] NCCL INFO P2P Chunksize set to 524288
    3767c65d25c4:880:887 [0] NCCL INFO Channel 00/24 :    0   1
    3767c65d25c4:880:887 [0] NCCL INFO Channel 01/24 :    0   1
    3767c65d25c4:880:887 [0] NCCL INFO Channel 02/24 :    0   1
    3767c65d25c4:880:887 [0] NCCL INFO Channel 03/24 :    0   1
    3767c65d25c4:880:887 [0] NCCL INFO Channel 04/24 :    0   1
    3767c65d25c4:880:887 [0] NCCL INFO Channel 05/24 :    0   1
    3767c65d25c4:880:887 [0] NCCL INFO Channel 06/24 :    0   1
    3767c65d25c4:880:887 [0] NCCL INFO Channel 07/24 :    0   1
    3767c65d25c4:880:887 [0] NCCL INFO Channel 08/24 :    0   1
    3767c65d25c4:880:887 [0] NCCL INFO Channel 09/24 :    0   1
    3767c65d25c4:880:887 [0] NCCL INFO Channel 10/24 :    0   1
    3767c65d25c4:880:887 [0] NCCL INFO Channel 11/24 :    0   1
    3767c65d25c4:880:887 [0] NCCL INFO Channel 12/24 :    0   1
    3767c65d25c4:880:887 [0] NCCL INFO Channel 13/24 :    0   1
    3767c65d25c4:880:887 [0] NCCL INFO Channel 14/24 :    0   1
    3767c65d25c4:880:887 [0] NCCL INFO Channel 15/24 :    0   1
    3767c65d25c4:880:887 [0] NCCL INFO Channel 16/24 :    0   1
    3767c65d25c4:880:887 [0] NCCL INFO Channel 17/24 :    0   1
    3767c65d25c4:880:887 [0] NCCL INFO Channel 18/24 :    0   1
    3767c65d25c4:880:887 [0] NCCL INFO Channel 19/24 :    0   1
    3767c65d25c4:880:887 [0] NCCL INFO Channel 20/24 :    0   1
    3767c65d25c4:880:887 [0] NCCL INFO Channel 21/24 :    0   1
    3767c65d25c4:880:887 [0] NCCL INFO Channel 22/24 :    0   1
    3767c65d25c4:880:887 [0] NCCL INFO Channel 23/24 :    0   1
    3767c65d25c4:880:887 [0] NCCL INFO Trees [0] 1/-1/-1->0->-1 [1] 1/-1/-1->0->-1 [2] 1/-1/-1->0->-1 [3] 1/-1/-1->0->-1 [4] 1/-1/-1->0->-1 [5] 1/-1/-1->0->-1 [6] -1/-1/-1->0->1 [7] -1/-1/-1->0->1 [8] -1/-1/-1->0->1 [9] -1/-1/-1->0->1 [10] -1/-1/-1->0->1 [11] -1/-1/-1->0->1 [12] 1/-1/-1->0->-1 [13] 1/-1/-1->0->-1 [14] 1/-1/-1->0->-1 [15] 1/-1/-1->0->-1 [16] 1/-1/-1->0->-1 [17] 1/-1/-1->0->-1 [18] -1/-1/-1->0->1 [19] -1/-1/-1->0->1 [20] -1/-1/-1->0->1 [21] -1/-1/-1->0->1 [22] -1/-1/-1->0->1 [23] -1/-1/-1->0->1
    3767c65d25c4:880:887 [0] NCCL INFO P2P Chunksize set to 524288
    3767c65d25c4:880:888 [1] NCCL INFO Channel 00/0 : 1[1] -> 0[0] via P2P/direct pointer/read
    3767c65d25c4:880:888 [1] NCCL INFO Channel 01/0 : 1[1] -> 0[0] via P2P/direct pointer/read
    3767c65d25c4:880:887 [0] NCCL INFO Channel 00/0 : 0[0] -> 1[1] via P2P/direct pointer/read
    3767c65d25c4:880:888 [1] NCCL INFO Channel 02/0 : 1[1] -> 0[0] via P2P/direct pointer/read
    3767c65d25c4:880:887 [0] NCCL INFO Channel 01/0 : 0[0] -> 1[1] via P2P/direct pointer/read
    3767c65d25c4:880:888 [1] NCCL INFO Channel 03/0 : 1[1] -> 0[0] via P2P/direct pointer/read
    3767c65d25c4:880:887 [0] NCCL INFO Channel 02/0 : 0[0] -> 1[1] via P2P/direct pointer/read
    3767c65d25c4:880:888 [1] NCCL INFO Channel 04/0 : 1[1] -> 0[0] via P2P/direct pointer/read
    3767c65d25c4:880:887 [0] NCCL INFO Channel 03/0 : 0[0] -> 1[1] via P2P/direct pointer/read
    3767c65d25c4:880:888 [1] NCCL INFO Channel 05/0 : 1[1] -> 0[0] via P2P/direct pointer/read
    3767c65d25c4:880:887 [0] NCCL INFO Channel 04/0 : 0[0] -> 1[1] via P2P/direct pointer/read
    3767c65d25c4:880:888 [1] NCCL INFO Channel 06/0 : 1[1] -> 0[0] via P2P/direct pointer/read
    3767c65d25c4:880:887 [0] NCCL INFO Channel 05/0 : 0[0] -> 1[1] via P2P/direct pointer/read
    3767c65d25c4:880:888 [1] NCCL INFO Channel 07/0 : 1[1] -> 0[0] via P2P/direct pointer/read
    3767c65d25c4:880:887 [0] NCCL INFO Channel 06/0 : 0[0] -> 1[1] via P2P/direct pointer/read
    3767c65d25c4:880:888 [1] NCCL INFO Channel 08/0 : 1[1] -> 0[0] via P2P/direct pointer/read
    3767c65d25c4:880:887 [0] NCCL INFO Channel 07/0 : 0[0] -> 1[1] via P2P/direct pointer/read
    3767c65d25c4:880:888 [1] NCCL INFO Channel 09/0 : 1[1] -> 0[0] via P2P/direct pointer/read
    3767c65d25c4:880:887 [0] NCCL INFO Channel 08/0 : 0[0] -> 1[1] via P2P/direct pointer/read
    3767c65d25c4:880:888 [1] NCCL INFO Channel 10/0 : 1[1] -> 0[0] via P2P/direct pointer/read
    3767c65d25c4:880:887 [0] NCCL INFO Channel 09/0 : 0[0] -> 1[1] via P2P/direct pointer/read
    3767c65d25c4:880:888 [1] NCCL INFO Channel 11/0 : 1[1] -> 0[0] via P2P/direct pointer/read
    3767c65d25c4:880:887 [0] NCCL INFO Channel 10/0 : 0[0] -> 1[1] via P2P/direct pointer/read
    3767c65d25c4:880:888 [1] NCCL INFO Channel 12/0 : 1[1] -> 0[0] via P2P/direct pointer/read
    3767c65d25c4:880:887 [0] NCCL INFO Channel 11/0 : 0[0] -> 1[1] via P2P/direct pointer/read
    3767c65d25c4:880:888 [1] NCCL INFO Channel 13/0 : 1[1] -> 0[0] via P2P/direct pointer/read
    3767c65d25c4:880:887 [0] NCCL INFO Channel 12/0 : 0[0] -> 1[1] via P2P/direct pointer/read
    3767c65d25c4:880:888 [1] NCCL INFO Channel 14/0 : 1[1] -> 0[0] via P2P/direct pointer/read
    3767c65d25c4:880:887 [0] NCCL INFO Channel 13/0 : 0[0] -> 1[1] via P2P/direct pointer/read
    3767c65d25c4:880:888 [1] NCCL INFO Channel 15/0 : 1[1] -> 0[0] via P2P/direct pointer/read
    3767c65d25c4:880:887 [0] NCCL INFO Channel 14/0 : 0[0] -> 1[1] via P2P/direct pointer/read
    3767c65d25c4:880:888 [1] NCCL INFO Channel 16/0 : 1[1] -> 0[0] via P2P/direct pointer/read
    3767c65d25c4:880:887 [0] NCCL INFO Channel 15/0 : 0[0] -> 1[1] via P2P/direct pointer/read
    3767c65d25c4:880:888 [1] NCCL INFO Channel 17/0 : 1[1] -> 0[0] via P2P/direct pointer/read
    3767c65d25c4:880:887 [0] NCCL INFO Channel 16/0 : 0[0] -> 1[1] via P2P/direct pointer/read
    3767c65d25c4:880:888 [1] NCCL INFO Channel 18/0 : 1[1] -> 0[0] via P2P/direct pointer/read
    3767c65d25c4:880:887 [0] NCCL INFO Channel 17/0 : 0[0] -> 1[1] via P2P/direct pointer/read
    3767c65d25c4:880:888 [1] NCCL INFO Channel 19/0 : 1[1] -> 0[0] via P2P/direct pointer/read
    3767c65d25c4:880:887 [0] NCCL INFO Channel 18/0 : 0[0] -> 1[1] via P2P/direct pointer/read
    3767c65d25c4:880:888 [1] NCCL INFO Channel 20/0 : 1[1] -> 0[0] via P2P/direct pointer/read
    3767c65d25c4:880:887 [0] NCCL INFO Channel 19/0 : 0[0] -> 1[1] via P2P/direct pointer/read
    3767c65d25c4:880:888 [1] NCCL INFO Channel 21/0 : 1[1] -> 0[0] via P2P/direct pointer/read
    3767c65d25c4:880:887 [0] NCCL INFO Channel 20/0 : 0[0] -> 1[1] via P2P/direct pointer/read
    3767c65d25c4:880:888 [1] NCCL INFO Channel 22/0 : 1[1] -> 0[0] via P2P/direct pointer/read
    3767c65d25c4:880:887 [0] NCCL INFO Channel 21/0 : 0[0] -> 1[1] via P2P/direct pointer/read
    3767c65d25c4:880:888 [1] NCCL INFO Channel 23/0 : 1[1] -> 0[0] via P2P/direct pointer/read
    3767c65d25c4:880:887 [0] NCCL INFO Channel 22/0 : 0[0] -> 1[1] via P2P/direct pointer/read
    3767c65d25c4:880:887 [0] NCCL INFO Channel 23/0 : 0[0] -> 1[1] via P2P/direct pointer/read
    3767c65d25c4:880:888 [1] NCCL INFO Connected all rings
    3767c65d25c4:880:887 [0] NCCL INFO Connected all rings
    3767c65d25c4:880:887 [0] NCCL INFO Connected all trees
    3767c65d25c4:880:888 [1] NCCL INFO Connected all trees
    3767c65d25c4:880:888 [1] NCCL INFO threadThresholds 8/8/64 | 16/8/64 | 512 | 512
    3767c65d25c4:880:888 [1] NCCL INFO 24 coll channels, 0 collnet channels, 0 nvls channels, 32 p2p channels, 32 p2p channels per peer
    3767c65d25c4:880:887 [0] NCCL INFO threadThresholds 8/8/64 | 16/8/64 | 512 | 512
    3767c65d25c4:880:887 [0] NCCL INFO 24 coll channels, 0 collnet channels, 0 nvls channels, 32 p2p channels, 32 p2p channels per peer
    3767c65d25c4:880:887 [0] NCCL INFO NCCL_WORK_FIFO_DEPTH set by environment to 4194304.
    3767c65d25c4:880:887 [0] NCCL INFO comm 0x55ba65abd9d0 rank 0 nranks 2 cudaDev 0 nvmlDev 0 busId a4000 commId 0xab55a18c6f2a4343 - Init COMPLETE
    3767c65d25c4:880:888 [1] NCCL INFO comm 0x55ba65ac2bd0 rank 1 nranks 2 cudaDev 1 nvmlDev 1 busId a9000 commId 0xab55a18c6f2a4343 - Init COMPLETE
    #
    #                                                              out-of-place                       in-place          
    #       size         count      type   redop    root     time   algbw   busbw #wrong     time   algbw   busbw #wrong
    #        (B)    (elements)                               (us)  (GB/s)  (GB/s)            (us)  (GB/s)  (GB/s)       
    134217728      33554432     float     sum      -1    857.6  156.51  156.51      0    819.6  163.76  163.76      0
    268435456      67108864     float     sum      -1   1445.2  185.74  185.74      0   1441.9  186.17  186.17      0
    536870912     134217728     float     sum      -1   2789.9  192.43  192.43      0   2793.6  192.18  192.18      0
    3767c65d25c4:880:880 [1] NCCL INFO comm 0x55ba65abd9d0 rank 0 nranks 2 cudaDev 0 busId a4000 - Destroy COMPLETE
    3767c65d25c4:880:880 [1] NCCL INFO comm 0x55ba65ac2bd0 rank 1 nranks 2 cudaDev 1 busId a9000 - Destroy COMPLETE
    # Out of bounds values : 0 OK
    # Avg bus bandwidth    : 179.465 
    #

    ```
